 INFO 2022-05-26 12:59:59,065 [main] JettyServer.java (line 16) Test 123
 INFO 2022-05-26 13:00:06,314 [qtp1288354730-14] PostFormHandler.java (line 17)  do post with content type application/x-www-form-urlencoded 
 WARN 2022-05-26 13:00:06,316 [qtp1288354730-14] PostFormHandler.java (line 18) Warning : You chose a number > 100 
ERROR 2022-05-26 13:00:06,316 [qtp1288354730-14] PostFormHandler.java (line 20) Error : You chose a number > 100 
FATAL 2022-05-26 13:00:06,316 [qtp1288354730-14] PostFormHandler.java (line 21) Fatal : You chose a number > 100 
 INFO 2022-05-26 13:00:06,860 [qtp1288354730-16] PostFormHandler.java (line 17)  do post with content type application/x-www-form-urlencoded 
 WARN 2022-05-26 13:00:06,860 [qtp1288354730-16] PostFormHandler.java (line 18) Warning : You chose a number > 100 
ERROR 2022-05-26 13:00:06,860 [qtp1288354730-16] PostFormHandler.java (line 20) Error : You chose a number > 100 
FATAL 2022-05-26 13:00:06,860 [qtp1288354730-16] PostFormHandler.java (line 21) Fatal : You chose a number > 100 
 INFO 2022-05-26 13:00:07,357 [qtp1288354730-13] PostFormHandler.java (line 17)  do post with content type application/x-www-form-urlencoded 
 WARN 2022-05-26 13:00:07,357 [qtp1288354730-13] PostFormHandler.java (line 18) Warning : You chose a number > 100 
ERROR 2022-05-26 13:00:07,358 [qtp1288354730-13] PostFormHandler.java (line 20) Error : You chose a number > 100 
FATAL 2022-05-26 13:00:07,358 [qtp1288354730-13] PostFormHandler.java (line 21) Fatal : You chose a number > 100 
 INFO 2022-05-26 13:00:08,107 [qtp1288354730-14] PostFormHandler.java (line 17)  do post with content type application/x-www-form-urlencoded 
 WARN 2022-05-26 13:00:08,107 [qtp1288354730-14] PostFormHandler.java (line 18) Warning : You chose a number > 100 
ERROR 2022-05-26 13:00:08,108 [qtp1288354730-14] PostFormHandler.java (line 20) Error : You chose a number > 100 
FATAL 2022-05-26 13:00:08,109 [qtp1288354730-14] PostFormHandler.java (line 21) Fatal : You chose a number > 100 
 INFO 2022-05-26 13:19:48,594 [main] JettyServer.java (line 37) Test 123
 INFO 2022-05-26 13:32:18,222 [main] JettyServer.java (line 37) Test 123
 INFO 2022-05-26 13:40:29,604 [main] JettyServer.java (line 36) Test 123
 INFO 2022-05-26 13:42:33,057 [main] JettyServer.java (line 36) Test 123
 INFO 2022-05-26 13:43:13,190 [main] JettyServer.java (line 35) Test 123
 INFO 2022-05-26 14:17:35,899 [main] JettyServer.java (line 35) Test 123
 INFO 2022-05-26 14:26:03,379 [main] JettyServer.java (line 35) Test 123
 INFO 2022-05-26 14:27:27,548 [main] JettyServer.java (line 35) Test 123
 INFO 2022-05-26 14:27:42,397 [qtp1920467934-19] PostFormHandler.java (line 17)  do post with content type application/x-www-form-urlencoded 
 WARN 2022-05-26 14:27:42,397 [qtp1920467934-19] PostFormHandler.java (line 18) Warning : You chose a number > 100 
ERROR 2022-05-26 14:27:42,397 [qtp1920467934-19] PostFormHandler.java (line 20) Error : You chose a number > 100 
FATAL 2022-05-26 14:27:42,398 [qtp1920467934-19] PostFormHandler.java (line 21) Fatal : You chose a number > 100 
 INFO 2022-05-26 14:27:43,343 [qtp1920467934-20] PostFormHandler.java (line 17)  do post with content type application/x-www-form-urlencoded 
 WARN 2022-05-26 14:27:43,343 [qtp1920467934-20] PostFormHandler.java (line 18) Warning : You chose a number > 100 
ERROR 2022-05-26 14:27:43,343 [qtp1920467934-20] PostFormHandler.java (line 20) Error : You chose a number > 100 
FATAL 2022-05-26 14:27:43,343 [qtp1920467934-20] PostFormHandler.java (line 21) Fatal : You chose a number > 100 
 INFO 2022-05-26 14:27:44,142 [qtp1920467934-18] PostFormHandler.java (line 17)  do post with content type application/x-www-form-urlencoded 
 WARN 2022-05-26 14:27:44,142 [qtp1920467934-18] PostFormHandler.java (line 18) Warning : You chose a number > 100 
ERROR 2022-05-26 14:27:44,142 [qtp1920467934-18] PostFormHandler.java (line 20) Error : You chose a number > 100 
FATAL 2022-05-26 14:27:44,142 [qtp1920467934-18] PostFormHandler.java (line 21) Fatal : You chose a number > 100 
 INFO 2022-05-26 14:41:19,844 [main] JettyServer.java (line 48) Test 123
 INFO 2022-05-26 14:43:05,523 [MLog-Init-Reporter] MLog.java (line 126) MLog clients using log4j logging.
 INFO 2022-05-26 14:43:05,623 [main] C3P0Registry.java (line 248) Initializing c3p0-0.9.5.4 [built 23-March-2019 23:00:48 -0700; debug? true; trace: 10]
 INFO 2022-05-26 14:43:05,675 [main] AbstractPoolBackedDataSource.java (line 527) Initializing c3p0 pool... com.mchange.v2.c3p0.ComboPooledDataSource [ acquireIncrement -> 3, acquireRetryAttempts -> 30, acquireRetryDelay -> 1000, autoCommitOnClose -> false, automaticTestTable -> null, breakAfterAcquireFailure -> false, checkoutTimeout -> 0, connectionCustomizerClassName -> null, connectionTesterClassName -> com.mchange.v2.c3p0.impl.DefaultConnectionTester, contextClassLoaderSource -> caller, dataSourceName -> z8kfsxao1yub7m65grmqi|5fdef03a, debugUnreturnedConnectionStackTraces -> false, description -> null, driverClass -> com.mysql.cj.jdbc.Driver, extensions -> {}, factoryClassLocation -> null, forceIgnoreUnresolvedTransactions -> false, forceSynchronousCheckins -> false, forceUseNamedDriverClass -> false, identityToken -> z8kfsxao1yub7m65grmqi|5fdef03a, idleConnectionTestPeriod -> 0, initialPoolSize -> 2, jdbcUrl -> jdbc:mysql://localhost:3306/FP_DB, maxAdministrativeTaskTime -> 0, maxConnectionAge -> 0, maxIdleTime -> 0, maxIdleTimeExcessConnections -> 0, maxPoolSize -> 4, maxStatements -> 0, maxStatementsPerConnection -> 0, minPoolSize -> 2, numHelperThreads -> 3, preferredTestQuery -> null, privilegeSpawnedThreads -> false, properties -> {user=******, password=******}, propertyCycle -> 0, statementCacheNumDeferredCloseThreads -> 0, testConnectionOnCheckin -> false, testConnectionOnCheckout -> false, unreturnedConnectionTimeout -> 0, userOverrides -> {}, usesTraditionalReflectiveProxies -> false ]
 INFO 2022-05-26 14:43:05,992 [main] JettyServer.java (line 49) Test 123
 INFO 2022-05-26 14:45:04,374 [MLog-Init-Reporter] MLog.java (line 126) MLog clients using log4j logging.
 INFO 2022-05-26 14:45:04,475 [main] C3P0Registry.java (line 248) Initializing c3p0-0.9.5.4 [built 23-March-2019 23:00:48 -0700; debug? true; trace: 10]
 INFO 2022-05-26 14:45:04,527 [main] AbstractPoolBackedDataSource.java (line 527) Initializing c3p0 pool... com.mchange.v2.c3p0.ComboPooledDataSource [ acquireIncrement -> 3, acquireRetryAttempts -> 30, acquireRetryDelay -> 1000, autoCommitOnClose -> false, automaticTestTable -> null, breakAfterAcquireFailure -> false, checkoutTimeout -> 0, connectionCustomizerClassName -> null, connectionTesterClassName -> com.mchange.v2.c3p0.impl.DefaultConnectionTester, contextClassLoaderSource -> caller, dataSourceName -> z8kfsxao1yudrbmdgge9g|5fdef03a, debugUnreturnedConnectionStackTraces -> false, description -> null, driverClass -> com.mysql.cj.jdbc.Driver, extensions -> {}, factoryClassLocation -> null, forceIgnoreUnresolvedTransactions -> false, forceSynchronousCheckins -> false, forceUseNamedDriverClass -> false, identityToken -> z8kfsxao1yudrbmdgge9g|5fdef03a, idleConnectionTestPeriod -> 0, initialPoolSize -> 2, jdbcUrl -> jdbc:mysql://localhost:3306/FP_DB, maxAdministrativeTaskTime -> 0, maxConnectionAge -> 0, maxIdleTime -> 0, maxIdleTimeExcessConnections -> 0, maxPoolSize -> 4, maxStatements -> 0, maxStatementsPerConnection -> 0, minPoolSize -> 2, numHelperThreads -> 3, preferredTestQuery -> null, privilegeSpawnedThreads -> false, properties -> {user=******, password=******}, propertyCycle -> 0, statementCacheNumDeferredCloseThreads -> 0, testConnectionOnCheckin -> false, testConnectionOnCheckout -> false, unreturnedConnectionTimeout -> 0, userOverrides -> {}, usesTraditionalReflectiveProxies -> false ]
 INFO 2022-05-26 14:45:04,834 [main] JettyServer.java (line 49) Test 123
 INFO 2022-05-26 14:45:31,998 [MLog-Init-Reporter] MLog.java (line 126) MLog clients using log4j logging.
 INFO 2022-05-26 14:45:32,104 [main] C3P0Registry.java (line 248) Initializing c3p0-0.9.5.4 [built 23-March-2019 23:00:48 -0700; debug? true; trace: 10]
 INFO 2022-05-26 14:45:32,150 [main] AbstractPoolBackedDataSource.java (line 527) Initializing c3p0 pool... com.mchange.v2.c3p0.ComboPooledDataSource [ acquireIncrement -> 3, acquireRetryAttempts -> 30, acquireRetryDelay -> 1000, autoCommitOnClose -> false, automaticTestTable -> null, breakAfterAcquireFailure -> false, checkoutTimeout -> 0, connectionCustomizerClassName -> null, connectionTesterClassName -> com.mchange.v2.c3p0.impl.DefaultConnectionTester, contextClassLoaderSource -> caller, dataSourceName -> z8kfsxao1yuecmy1rj3gsn|5fdef03a, debugUnreturnedConnectionStackTraces -> false, description -> null, driverClass -> com.mysql.cj.jdbc.Driver, extensions -> {}, factoryClassLocation -> null, forceIgnoreUnresolvedTransactions -> false, forceSynchronousCheckins -> false, forceUseNamedDriverClass -> false, identityToken -> z8kfsxao1yuecmy1rj3gsn|5fdef03a, idleConnectionTestPeriod -> 0, initialPoolSize -> 2, jdbcUrl -> jdbc:mysql://localhost:3306/FP_DB, maxAdministrativeTaskTime -> 0, maxConnectionAge -> 0, maxIdleTime -> 0, maxIdleTimeExcessConnections -> 0, maxPoolSize -> 4, maxStatements -> 0, maxStatementsPerConnection -> 0, minPoolSize -> 2, numHelperThreads -> 3, preferredTestQuery -> null, privilegeSpawnedThreads -> false, properties -> {user=******, password=******}, propertyCycle -> 0, statementCacheNumDeferredCloseThreads -> 0, testConnectionOnCheckin -> false, testConnectionOnCheckout -> false, unreturnedConnectionTimeout -> 0, userOverrides -> {}, usesTraditionalReflectiveProxies -> false ]
 INFO 2022-05-26 14:45:32,473 [main] JettyServer.java (line 49) Test 123
 INFO 2022-05-26 14:45:44,907 [qtp1454127753-25] PostFormHandler.java (line 17)  do post with content type application/x-www-form-urlencoded 
 WARN 2022-05-26 14:45:44,907 [qtp1454127753-25] PostFormHandler.java (line 18) Warning : You chose a number > 100 
ERROR 2022-05-26 14:45:44,908 [qtp1454127753-25] PostFormHandler.java (line 20) Error : You chose a number > 100 
FATAL 2022-05-26 14:45:44,908 [qtp1454127753-25] PostFormHandler.java (line 21) Fatal : You chose a number > 100 
 INFO 2022-05-26 14:45:45,530 [qtp1454127753-26] PostFormHandler.java (line 17)  do post with content type application/x-www-form-urlencoded 
 WARN 2022-05-26 14:45:45,531 [qtp1454127753-26] PostFormHandler.java (line 18) Warning : You chose a number > 100 
ERROR 2022-05-26 14:45:45,531 [qtp1454127753-26] PostFormHandler.java (line 20) Error : You chose a number > 100 
FATAL 2022-05-26 14:45:45,531 [qtp1454127753-26] PostFormHandler.java (line 21) Fatal : You chose a number > 100 
 INFO 2022-05-26 14:46:29,768 [MLog-Init-Reporter] MLog.java (line 126) MLog clients using log4j logging.
 INFO 2022-05-26 14:46:29,876 [main] C3P0Registry.java (line 248) Initializing c3p0-0.9.5.4 [built 23-March-2019 23:00:48 -0700; debug? true; trace: 10]
 INFO 2022-05-26 14:46:29,923 [main] AbstractPoolBackedDataSource.java (line 527) Initializing c3p0 pool... com.mchange.v2.c3p0.ComboPooledDataSource [ acquireIncrement -> 3, acquireRetryAttempts -> 30, acquireRetryDelay -> 1000, autoCommitOnClose -> false, automaticTestTable -> null, breakAfterAcquireFailure -> false, checkoutTimeout -> 0, connectionCustomizerClassName -> null, connectionTesterClassName -> com.mchange.v2.c3p0.impl.DefaultConnectionTester, contextClassLoaderSource -> caller, dataSourceName -> z8kfsxao1yufl7vkv7uun|5fdef03a, debugUnreturnedConnectionStackTraces -> false, description -> null, driverClass -> com.mysql.cj.jdbc.Driver, extensions -> {}, factoryClassLocation -> null, forceIgnoreUnresolvedTransactions -> false, forceSynchronousCheckins -> false, forceUseNamedDriverClass -> false, identityToken -> z8kfsxao1yufl7vkv7uun|5fdef03a, idleConnectionTestPeriod -> 0, initialPoolSize -> 2, jdbcUrl -> jdbc:mysql://localhost:3306/FP_DB, maxAdministrativeTaskTime -> 0, maxConnectionAge -> 0, maxIdleTime -> 0, maxIdleTimeExcessConnections -> 0, maxPoolSize -> 4, maxStatements -> 0, maxStatementsPerConnection -> 0, minPoolSize -> 2, numHelperThreads -> 3, preferredTestQuery -> null, privilegeSpawnedThreads -> false, properties -> {user=******, password=******}, propertyCycle -> 0, statementCacheNumDeferredCloseThreads -> 0, testConnectionOnCheckin -> false, testConnectionOnCheckout -> false, unreturnedConnectionTimeout -> 0, userOverrides -> {}, usesTraditionalReflectiveProxies -> false ]
 INFO 2022-05-26 14:46:30,254 [main] JettyServer.java (line 48) Test 123
 INFO 2022-05-26 14:48:23,842 [MLog-Init-Reporter] MLog.java (line 126) MLog clients using log4j logging.
 INFO 2022-05-26 14:48:23,944 [main] C3P0Registry.java (line 248) Initializing c3p0-0.9.5.4 [built 23-March-2019 23:00:48 -0700; debug? true; trace: 10]
 INFO 2022-05-26 14:48:23,993 [main] AbstractPoolBackedDataSource.java (line 527) Initializing c3p0 pool... com.mchange.v2.c3p0.ComboPooledDataSource [ acquireIncrement -> 3, acquireRetryAttempts -> 30, acquireRetryDelay -> 1000, autoCommitOnClose -> false, automaticTestTable -> null, breakAfterAcquireFailure -> false, checkoutTimeout -> 0, connectionCustomizerClassName -> null, connectionTesterClassName -> com.mchange.v2.c3p0.impl.DefaultConnectionTester, contextClassLoaderSource -> caller, dataSourceName -> z8kfsxao1yui18dk40rdh|5fdef03a, debugUnreturnedConnectionStackTraces -> false, description -> null, driverClass -> com.mysql.cj.jdbc.Driver, extensions -> {}, factoryClassLocation -> null, forceIgnoreUnresolvedTransactions -> false, forceSynchronousCheckins -> false, forceUseNamedDriverClass -> false, identityToken -> z8kfsxao1yui18dk40rdh|5fdef03a, idleConnectionTestPeriod -> 0, initialPoolSize -> 2, jdbcUrl -> jdbc:mysql://localhost:3306/FP_DB, maxAdministrativeTaskTime -> 0, maxConnectionAge -> 0, maxIdleTime -> 0, maxIdleTimeExcessConnections -> 0, maxPoolSize -> 4, maxStatements -> 0, maxStatementsPerConnection -> 0, minPoolSize -> 2, numHelperThreads -> 3, preferredTestQuery -> null, privilegeSpawnedThreads -> false, properties -> {user=******, password=******}, propertyCycle -> 0, statementCacheNumDeferredCloseThreads -> 0, testConnectionOnCheckin -> false, testConnectionOnCheckout -> false, unreturnedConnectionTimeout -> 0, userOverrides -> {}, usesTraditionalReflectiveProxies -> false ]
 INFO 2022-05-26 14:48:24,327 [main] JettyServer.java (line 50) Test 123
